<?xml version="1.0" encoding="UTF-8"?>
<coverage generated="1774836303281" clover="3.2.0">
  <project timestamp="1774836303281" name="All files">
    <metrics statements="60" coveredstatements="56" conditionals="37" coveredconditionals="33" methods="8" coveredmethods="7" elements="105" coveredelements="96" complexity="0" loc="60" ncloc="60" packages="3" files="5" classes="5"/>
    <package name="src">
      <metrics statements="7" coveredstatements="7" conditionals="12" coveredconditionals="12" methods="1" coveredmethods="1"/>
      <file name="config.ts" path="/Users/petergoeren/Claude Coding Projects/admin-workflow/src/config.ts">
        <metrics statements="7" coveredstatements="7" conditionals="12" coveredconditionals="12" methods="1" coveredmethods="1"/>
        <line num="1" count="5" type="stmt"/>
        <line num="2" count="5" type="stmt"/>
        <line num="5" count="15" type="stmt"/>
        <line num="6" count="15" type="cond" truecount="2" falsecount="0"/>
        <line num="7" count="13" type="stmt"/>
        <line num="10" count="5" type="stmt"/>
        <line num="28" count="3" type="stmt"/>
      </file>
    </package>
    <package name="src.db">
      <metrics statements="26" coveredstatements="22" conditionals="13" coveredconditionals="9" methods="5" coveredmethods="4"/>
      <file name="schema.ts" path="/Users/petergoeren/Claude Coding Projects/admin-workflow/src/db/schema.ts">
        <metrics statements="10" coveredstatements="10" conditionals="4" coveredconditionals="4" methods="2" coveredmethods="2"/>
        <line num="3" count="2" type="cond" truecount="2" falsecount="0"/>
        <line num="4" count="2" type="stmt"/>
        <line num="5" count="2" type="stmt"/>
        <line num="6" count="2" type="stmt"/>
        <line num="7" count="2" type="stmt"/>
        <line num="8" count="2" type="stmt"/>
        <line num="11" count="2" type="cond" truecount="2" falsecount="0"/>
        <line num="12" count="2" type="stmt"/>
        <line num="13" count="2" type="stmt"/>
        <line num="14" count="2" type="stmt"/>
      </file>
      <file name="tasks.ts" path="/Users/petergoeren/Claude Coding Projects/admin-workflow/src/db/tasks.ts">
        <metrics statements="16" coveredstatements="12" conditionals="9" coveredconditionals="5" methods="3" coveredmethods="2"/>
        <line num="1" count="1" type="stmt"/>
        <line num="2" count="1" type="stmt"/>
        <line num="3" count="1" type="stmt"/>
        <line num="5" count="1" type="stmt"/>
        <line num="7" count="1" type="stmt"/>
        <line num="8" count="1" type="stmt"/>
        <line num="9" count="1" type="stmt"/>
        <line num="24" count="1" type="stmt"/>
        <line num="27" count="1" type="stmt"/>
        <line num="28" count="0" type="stmt"/>
        <line num="29" count="0" type="stmt"/>
        <line num="30" count="0" type="cond" truecount="0" falsecount="2"/>
        <line num="31" count="0" type="stmt"/>
        <line num="34" count="1" type="stmt"/>
        <line num="39" count="1" type="stmt"/>
        <line num="40" count="1" type="stmt"/>
      </file>
    </package>
    <package name="src.server">
      <metrics statements="27" coveredstatements="27" conditionals="12" coveredconditionals="12" methods="2" coveredmethods="2"/>
      <file name="middleware.ts" path="/Users/petergoeren/Claude Coding Projects/admin-workflow/src/server/middleware.ts">
        <metrics statements="11" coveredstatements="11" conditionals="6" coveredconditionals="6" methods="1" coveredmethods="1"/>
        <line num="2" count="2" type="stmt"/>
        <line num="4" count="2" type="stmt"/>
        <line num="5" count="7" type="stmt"/>
        <line num="6" count="7" type="cond" truecount="4" falsecount="0"/>
        <line num="7" count="2" type="stmt"/>
        <line num="8" count="2" type="stmt"/>
        <line num="10" count="5" type="stmt"/>
        <line num="11" count="5" type="cond" truecount="2" falsecount="0"/>
        <line num="12" count="1" type="stmt"/>
        <line num="13" count="1" type="stmt"/>
        <line num="15" count="4" type="stmt"/>
      </file>
      <file name="webhook.ts" path="/Users/petergoeren/Claude Coding Projects/admin-workflow/src/server/webhook.ts">
        <metrics statements="16" coveredstatements="16" conditionals="6" coveredconditionals="6" methods="1" coveredmethods="1"/>
        <line num="1" count="1" type="stmt"/>
        <line num="2" count="1" type="stmt"/>
        <line num="3" count="1" type="stmt"/>
        <line num="6" count="1" type="stmt"/>
        <line num="8" count="1" type="stmt"/>
        <line num="10" count="1" type="stmt"/>
        <line num="12" count="1" type="stmt"/>
        <line num="13" count="3" type="stmt"/>
        <line num="15" count="3" type="cond" truecount="4" falsecount="0"/>
        <line num="16" count="1" type="stmt"/>
        <line num="17" count="1" type="stmt"/>
        <line num="19" count="2" type="cond" truecount="2" falsecount="0"/>
        <line num="20" count="1" type="stmt"/>
        <line num="21" count="1" type="stmt"/>
        <line num="24" count="1" type="stmt"/>
        <line num="25" count="1" type="stmt"/>
      </file>
    </package>
  </project>
</coverage>
