{"/Users/petergoeren/Claude Coding Projects/admin-workflow/src/config.ts": {"path":"/Users/petergoeren/Claude Coding Projects/admin-workflow/src/config.ts","statementMap":{"0":{"start":{"line":1,"column":0},"end":{"line":1,"column":28}},"1":{"start":{"line":2,"column":0},"end":{"line":2,"column":16}},"2":{"start":{"line":5,"column":16},"end":{"line":5,"column":33}},"3":{"start":{"line":6,"column":2},"end":{"line":6,"column":80}},"4":{"start":{"line":6,"column":14},"end":{"line":6,"column":80}},"5":{"start":{"line":7,"column":2},"end":{"line":7,"column":15}},"6":{"start":{"line":10,"column":15},"end":{"line":26,"column":2}},"7":{"start":{"line":28,"column":0},"end":{"line":28,"column":22}}},"fnMap":{"0":{"name":"require_env","decl":{"start":{"line":4,"column":9},"end":{"line":4,"column":20}},"loc":{"start":{"line":4,"column":33},"end":{"line":8,"column":1}}}},"branchMap":{"0":{"loc":{"start":{"line":6,"column":2},"end":{"line":6,"column":80}},"type":"if","locations":[{"start":{"line":6,"column":2},"end":{"line":6,"column":80}},{"start":{},"end":{}}]},"1":{"loc":{"start":{"line":11,"column":17},"end":{"line":11,"column":43}},"type":"binary-expr","locations":[{"start":{"line":11,"column":17},"end":{"line":11,"column":33}},{"start":{"line":11,"column":37},"end":{"line":11,"column":43}}]},"2":{"loc":{"start":{"line":19,"column":14},"end":{"line":19,"column":49}},"type":"binary-expr","locations":[{"start":{"line":19,"column":14},"end":{"line":19,"column":43}},{"start":{"line":19,"column":47},"end":{"line":19,"column":49}}]},"3":{"loc":{"start":{"line":20,"column":15},"end":{"line":20,"column":51}},"type":"binary-expr","locations":[{"start":{"line":20,"column":15},"end":{"line":20,"column":45}},{"start":{"line":20,"column":49},"end":{"line":20,"column":51}}]},"4":{"loc":{"start":{"line":23,"column":12},"end":{"line":23,"column":47}},"type":"binary-expr","locations":[{"start":{"line":23,"column":12},"end":{"line":23,"column":41}},{"start":{"line":23,"column":45},"end":{"line":23,"column":47}}]},"5":{"loc":{"start":{"line":25,"column":14},"end":{"line":25,"column":85}},"type":"binary-expr","locations":[{"start":{"line":25,"column":14},"end":{"line":25,"column":37}},{"start":{"line":25,"column":41},"end":{"line":25,"column":85}}]}},"s":{"0":5,"1":5,"2":15,"3":15,"4":2,"5":13,"6":5,"7":3},"f":{"0":15},"b":{"0":[2,13],"1":[5,4],"2":[3,3],"3":[3,3],"4":[3,3],"5":[3,3]}}
,"/Users/petergoeren/Claude Coding Projects/admin-workflow/src/db/schema.ts": {"path":"/Users/petergoeren/Claude Coding Projects/admin-workflow/src/db/schema.ts","statementMap":{"0":{"start":{"line":3,"column":0},"end":{"line":3,"column":null}},"1":{"start":{"line":4,"column":2},"end":{"line":4,"column":null}},"2":{"start":{"line":5,"column":2},"end":{"line":5,"column":null}},"3":{"start":{"line":6,"column":2},"end":{"line":6,"column":null}},"4":{"start":{"line":7,"column":2},"end":{"line":7,"column":null}},"5":{"start":{"line":8,"column":2},"end":{"line":8,"column":null}},"6":{"start":{"line":11,"column":0},"end":{"line":11,"column":null}},"7":{"start":{"line":12,"column":2},"end":{"line":12,"column":null}},"8":{"start":{"line":13,"column":2},"end":{"line":13,"column":null}},"9":{"start":{"line":14,"column":2},"end":{"line":14,"column":null}}},"fnMap":{"0":{"name":"(anonymous_0)","decl":{"start":{"line":3,"column":0},"end":{"line":3,"column":12}},"loc":{"start":{"line":3,"column":22},"end":{"line":9,"column":1}}},"1":{"name":"(anonymous_1)","decl":{"start":{"line":11,"column":0},"end":{"line":11,"column":12}},"loc":{"start":{"line":11,"column":21},"end":{"line":15,"column":1}}}},"branchMap":{"0":{"loc":{"start":{"line":3,"column":12},"end":{"line":3,"column":null}},"type":"binary-expr","locations":[{"start":{"line":3,"column":12},"end":{"line":3,"column":22}},{"start":{"line":3,"column":22},"end":{"line":3,"column":null}}]},"1":{"loc":{"start":{"line":11,"column":12},"end":{"line":11,"column":null}},"type":"binary-expr","locations":[{"start":{"line":11,"column":12},"end":{"line":11,"column":21}},{"start":{"line":11,"column":21},"end":{"line":11,"column":null}}]}},"s":{"0":2,"1":2,"2":2,"3":2,"4":2,"5":2,"6":2,"7":2,"8":2,"9":2},"f":{"0":2,"1":2},"b":{"0":[2,2],"1":[2,2]}}
,"/Users/petergoeren/Claude Coding Projects/admin-workflow/src/db/tasks.ts": {"path":"/Users/petergoeren/Claude Coding Projects/admin-workflow/src/db/tasks.ts","statementMap":{"0":{"start":{"line":7,"column":0},"end":{"line":7,"column":7}},"1":{"start":{"line":27,"column":0},"end":{"line":27,"column":7}},"2":{"start":{"line":34,"column":0},"end":{"line":34,"column":7}},"3":{"start":{"line":1,"column":0},"end":{"line":1,"column":45}},"4":{"start":{"line":2,"column":0},"end":{"line":2,"column":55}},"5":{"start":{"line":3,"column":0},"end":{"line":3,"column":40}},"6":{"start":{"line":5,"column":25},"end":{"line":5,"column":32}},"7":{"start":{"line":8,"column":13},"end":{"line":8,"column":27}},"8":{"start":{"line":9,"column":14},"end":{"line":23,"column":4}},"9":{"start":{"line":24,"column":2},"end":{"line":24,"column":16}},"10":{"start":{"line":28,"column":13},"end":{"line":28,"column":27}},"11":{"start":{"line":29,"column":15},"end":{"line":29,"column":66}},"12":{"start":{"line":30,"column":2},"end":{"line":30,"column":32}},"13":{"start":{"line":30,"column":20},"end":{"line":30,"column":32}},"14":{"start":{"line":31,"column":2},"end":{"line":31,"column":49}},"15":{"start":{"line":39,"column":13},"end":{"line":39,"column":27}},"16":{"start":{"line":40,"column":2},"end":{"line":47,"column":5}}},"fnMap":{"0":{"name":"createTask","decl":{"start":{"line":7,"column":22},"end":{"line":7,"column":32}},"loc":{"start":{"line":7,"column":63},"end":{"line":25,"column":1}}},"1":{"name":"getTask","decl":{"start":{"line":27,"column":22},"end":{"line":27,"column":29}},"loc":{"start":{"line":27,"column":40},"end":{"line":32,"column":1}}},"2":{"name":"updateTaskStatus","decl":{"start":{"line":34,"column":22},"end":{"line":34,"column":38}},"loc":{"start":{"line":37,"column":27},"end":{"line":48,"column":1}}}},"branchMap":{"0":{"loc":{"start":{"line":30,"column":2},"end":{"line":30,"column":32}},"type":"if","locations":[{"start":{"line":30,"column":2},"end":{"line":30,"column":32}},{"start":{},"end":{}}]},"1":{"loc":{"start":{"line":37,"column":2},"end":{"line":37,"column":27}},"type":"default-arg","locations":[{"start":{"line":37,"column":25},"end":{"line":37,"column":27}}]},"2":{"loc":{"start":{"line":43,"column":8},"end":{"line":43,"column":105}},"type":"cond-expr","locations":[{"start":{"line":43,"column":40},"end":{"line":43,"column":100}},{"start":{"line":43,"column":103},"end":{"line":43,"column":105}}]},"3":{"loc":{"start":{"line":44,"column":8},"end":{"line":46,"column":10}},"type":"cond-expr","locations":[{"start":{"line":45,"column":8},"end":{"line":45,"column":70}},{"start":{"line":46,"column":8},"end":{"line":46,"column":10}}]},"4":{"loc":{"start":{"line":44,"column":8},"end":{"line":44,"column":71}},"type":"binary-expr","locations":[{"start":{"line":44,"column":8},"end":{"line":44,"column":39}},{"start":{"line":44,"column":43},"end":{"line":44,"column":71}}]}},"s":{"0":1,"1":1,"2":1,"3":1,"4":1,"5":1,"6":1,"7":1,"8":1,"9":1,"10":0,"11":0,"12":0,"13":0,"14":0,"15":1,"16":1},"f":{"0":1,"1":0,"2":1},"b":{"0":[0,0],"1":[1],"2":[1,0],"3":[0,1],"4":[1,1]}}
,"/Users/petergoeren/Claude Coding Projects/admin-workflow/src/server/middleware.ts": {"path":"/Users/petergoeren/Claude Coding Projects/admin-workflow/src/server/middleware.ts","statementMap":{"0":{"start":{"line":4,"column":0},"end":{"line":4,"column":16}},"1":{"start":{"line":2,"column":0},"end":{"line":2,"column":30}},"2":{"start":{"line":5,"column":15},"end":{"line":5,"column":40}},"3":{"start":{"line":6,"column":2},"end":{"line":9,"column":3}},"4":{"start":{"line":7,"column":4},"end":{"line":7,"column":68}},"5":{"start":{"line":8,"column":4},"end":{"line":8,"column":11}},"6":{"start":{"line":10,"column":16},"end":{"line":10,"column":29}},"7":{"start":{"line":11,"column":2},"end":{"line":14,"column":3}},"8":{"start":{"line":12,"column":4},"end":{"line":12,"column":54}},"9":{"start":{"line":13,"column":4},"end":{"line":13,"column":11}},"10":{"start":{"line":15,"column":2},"end":{"line":15,"column":9}}},"fnMap":{"0":{"name":"authMiddleware","decl":{"start":{"line":4,"column":16},"end":{"line":4,"column":30}},"loc":{"start":{"line":4,"column":78},"end":{"line":16,"column":1}}}},"branchMap":{"0":{"loc":{"start":{"line":6,"column":2},"end":{"line":9,"column":3}},"type":"if","locations":[{"start":{"line":6,"column":2},"end":{"line":9,"column":3}},{"start":{},"end":{}}]},"1":{"loc":{"start":{"line":6,"column":6},"end":{"line":6,"column":42}},"type":"binary-expr","locations":[{"start":{"line":6,"column":6},"end":{"line":6,"column":11}},{"start":{"line":6,"column":15},"end":{"line":6,"column":42}}]},"2":{"loc":{"start":{"line":11,"column":2},"end":{"line":14,"column":3}},"type":"if","locations":[{"start":{"line":11,"column":2},"end":{"line":14,"column":3}},{"start":{},"end":{}}]}},"s":{"0":2,"1":2,"2":7,"3":7,"4":2,"5":2,"6":5,"7":5,"8":1,"9":1,"10":4},"f":{"0":7},"b":{"0":[2,5],"1":[7,5],"2":[1,4]}}
,"/Users/petergoeren/Claude Coding Projects/admin-workflow/src/server/webhook.ts": {"path":"/Users/petergoeren/Claude Coding Projects/admin-workflow/src/server/webhook.ts","statementMap":{"0":{"start":{"line":1,"column":0},"end":{"line":1,"column":52}},"1":{"start":{"line":2,"column":0},"end":{"line":2,"column":53}},"2":{"start":{"line":3,"column":0},"end":{"line":3,"column":40}},"3":{"start":{"line":6,"column":33},"end":{"line":6,"column":92}},"4":{"start":{"line":8,"column":13},"end":{"line":8,"column":38}},"5":{"start":{"line":10,"column":0},"end":{"line":10,"column":34}},"6":{"start":{"line":12,"column":0},"end":{"line":26,"column":3}},"7":{"start":{"line":13,"column":40},"end":{"line":13,"column":48}},"8":{"start":{"line":15,"column":2},"end":{"line":18,"column":3}},"9":{"start":{"line":16,"column":4},"end":{"line":16,"column":64}},"10":{"start":{"line":17,"column":4},"end":{"line":17,"column":11}},"11":{"start":{"line":19,"column":2},"end":{"line":22,"column":3}},"12":{"start":{"line":20,"column":4},"end":{"line":20,"column":101}},"13":{"start":{"line":21,"column":4},"end":{"line":21,"column":11}},"14":{"start":{"line":24,"column":18},"end":{"line":24,"column":67}},"15":{"start":{"line":25,"column":2},"end":{"line":25,"column":54}}},"fnMap":{"0":{"name":"(anonymous_0)","decl":{"start":{"line":12,"column":24},"end":{"line":12,"column":29}},"loc":{"start":{"line":12,"column":62},"end":{"line":26,"column":1}}}},"branchMap":{"0":{"loc":{"start":{"line":15,"column":2},"end":{"line":18,"column":3}},"type":"if","locations":[{"start":{"line":15,"column":2},"end":{"line":18,"column":3}},{"start":{},"end":{}}]},"1":{"loc":{"start":{"line":15,"column":6},"end":{"line":15,"column":41}},"type":"binary-expr","locations":[{"start":{"line":15,"column":6},"end":{"line":15,"column":12}},{"start":{"line":15,"column":16},"end":{"line":15,"column":41}}]},"2":{"loc":{"start":{"line":19,"column":2},"end":{"line":22,"column":3}},"type":"if","locations":[{"start":{"line":19,"column":2},"end":{"line":22,"column":3}},{"start":{},"end":{}}]}},"s":{"0":1,"1":1,"2":1,"3":1,"4":1,"5":1,"6":1,"7":3,"8":3,"9":1,"10":1,"11":2,"12":1,"13":1,"14":1,"15":1},"f":{"0":3},"b":{"0":[1,2],"1":[3,2],"2":[1,1]}}
}
