TN:
SF:src/config.ts
FN:4,require_env
FNF:1
FNH:1
FNDA:15,require_env
DA:1,5
DA:2,5
DA:5,15
DA:6,15
DA:7,13
DA:10,5
DA:28,3
LF:7
LH:7
BRDA:6,0,0,2
BRDA:6,0,1,13
BRDA:11,1,0,5
BRDA:11,1,1,4
BRDA:19,2,0,3
BRDA:19,2,1,3
BRDA:20,3,0,3
BRDA:20,3,1,3
BRDA:23,4,0,3
BRDA:23,4,1,3
BRDA:25,5,0,3
BRDA:25,5,1,3
BRF:12
BRH:12
end_of_record
TN:
SF:src/db/schema.ts
FN:3,(anonymous_0)
FN:11,(anonymous_1)
FNF:2
FNH:2
FNDA:2,(anonymous_0)
FNDA:2,(anonymous_1)
DA:3,2
DA:4,2
DA:5,2
DA:6,2
DA:7,2
DA:8,2
DA:11,2
DA:12,2
DA:13,2
DA:14,2
LF:10
LH:10
BRDA:3,0,0,2
BRDA:3,0,1,2
BRDA:11,1,0,2
BRDA:11,1,1,2
BRF:4
BRH:4
end_of_record
TN:
SF:src/db/tasks.ts
FN:7,createTask
FN:27,getTask
FN:34,updateTaskStatus
FNF:3
FNH:2
FNDA:1,createTask
FNDA:0,getTask
FNDA:1,updateTaskStatus
DA:1,1
DA:2,1
DA:3,1
DA:5,1
DA:7,1
DA:8,1
DA:9,1
DA:24,1
DA:27,1
DA:28,0
DA:29,0
DA:30,0
DA:31,0
DA:34,1
DA:39,1
DA:40,1
LF:16
LH:12
BRDA:30,0,0,0
BRDA:30,0,1,0
BRDA:37,1,0,1
BRDA:43,2,0,1
BRDA:43,2,1,0
BRDA:44,3,0,0
BRDA:44,3,1,1
BRDA:44,4,0,1
BRDA:44,4,1,1
BRF:9
BRH:5
end_of_record
TN:
SF:src/server/middleware.ts
FN:4,authMiddleware
FNF:1
FNH:1
FNDA:7,authMiddleware
DA:2,2
DA:4,2
DA:5,7
DA:6,7
DA:7,2
DA:8,2
DA:10,5
DA:11,5
DA:12,1
DA:13,1
DA:15,4
LF:11
LH:11
BRDA:6,0,0,2
BRDA:6,0,1,5
BRDA:6,1,0,7
BRDA:6,1,1,5
BRDA:11,2,0,1
BRDA:11,2,1,4
BRF:6
BRH:6
end_of_record
TN:
SF:src/server/webhook.ts
FN:12,(anonymous_0)
FNF:1
FNH:1
FNDA:3,(anonymous_0)
DA:1,1
DA:2,1
DA:3,1
DA:6,1
DA:8,1
DA:10,1
DA:12,1
DA:13,3
DA:15,3
DA:16,1
DA:17,1
DA:19,2
DA:20,1
DA:21,1
DA:24,1
DA:25,1
LF:16
LH:16
BRDA:15,0,0,1
BRDA:15,0,1,2
BRDA:15,1,0,3
BRDA:15,1,1,2
BRDA:19,2,0,1
BRDA:19,2,1,1
BRF:6
BRH:6
end_of_record
